<?xml version="1.0" encoding="UTF-8"?>
<!-- Generated by org.testng.reporters.JUnitReportReporter -->
<testsuite hostname="TirumalaDevi" failures="0" tests="6" name="api.tests.DDTests" time="10.186" errors="0" timestamp="2024-02-22T11:02:53 IST" skipped="0">
  <testcase classname="api.tests.DDTests" name="testPostUser" time="1.195"/>
  <system-out/>
  <testcase classname="api.tests.DDTests" name="testPostUser" time="3.973"/>
  <system-out/>
  <testcase classname="api.tests.DDTests" name="testPostUser" time="1.237"/>
  <system-out/>
  <testcase classname="api.tests.DDTests" name="deleteUserbyUserName" time="1.238"/>
  <system-out/>
  <testcase classname="api.tests.DDTests" name="deleteUserbyUserName" time="1.252"/>
  <system-out/>
  <testcase classname="api.tests.DDTests" name="deleteUserbyUserName" time="1.291"/>
  <system-out/>
</testsuite> <!-- api.tests.DDTests -->
