<?xml version="1.0" encoding="UTF-8"?>
<!-- Generated by org.testng.reporters.JUnitReportReporter -->
<testsuite hostname="TirumalaDevi" failures="0" tests="1" name="api.tests.jsonfiletest" time="3.364" errors="0" timestamp="2024-02-23T14:42:24 IST" skipped="0">
  <testcase classname="api.tests.jsonfiletest" name="createUser" time="3.364"/>
  <system-out/>
</testsuite> <!-- api.tests.jsonfiletest -->
