<?xml version="1.0" encoding="UTF-8"?>
<!-- Generated by org.testng.reporters.JUnitReportReporter -->
<testsuite hostname="TirumalaDevi" failures="0" tests="3" name="api.tests.UserTests" time="6.093" errors="0" timestamp="2024-02-23T14:29:10 IST" skipped="0">
  <testcase classname="api.tests.UserTests" name="postUser" time="3.674"/>
  <system-out/>
  <testcase classname="api.tests.UserTests" name="getUserbyName" time="1.249"/>
  <system-out/>
  <testcase classname="api.tests.UserTests" name="update" time="1.170"/>
  <system-out/>
</testsuite> <!-- api.tests.UserTests -->
