<?xml version="1.0" encoding="UTF-8"?>
<!-- Generated by org.testng.reporters.JUnitReportReporter -->
<testsuite hostname="DESKTOP-IG45S0Q" failures="0" tests="1" name="com.bankProject.testCases.TC_LoginTest" time="2.173" errors="0" timestamp="2022-12-15T11:26:21 IST" skipped="0">
  <testcase classname="com.bankProject.testCases.TC_LoginTest" name="LoginTest" time="2.173"/>
  <system-out/>
</testsuite> <!-- com.bankProject.testCases.TC_LoginTest -->
