<?xml version="1.0" encoding="UTF-8"?>
<!-- Generated by org.testng.reporters.JUnitReportReporter -->
<testsuite hostname="DESKTOP-IG45S0Q" failures="0" tests="1" name="TestCases.Guru_LoginTest" time="7.860" errors="0" timestamp="2022-10-26T16:28:00 IST" skipped="0">
  <testcase classname="TestCases.Guru_LoginTest" name="Test" time="7.860"/>
  <system-out/>
</testsuite> <!-- TestCases.Guru_LoginTest -->
