<?xml version="1.0" encoding="UTF-8"?>
<!-- Generated by org.testng.reporters.JUnitReportReporter -->
<testsuite hostname="DESKTOP-IG45S0Q" failures="0" tests="2" name="TestCases.Guru_HomePageTest" time="18.163" errors="0" timestamp="2022-10-26T16:28:00 IST" skipped="0">
  <testcase classname="TestCases.Guru_HomePageTest" name="RegNewUser" time="12.204"/>
  <system-out/>
  <testcase classname="TestCases.Guru_HomePageTest" name="check" time="5.959"/>
  <system-out/>
</testsuite> <!-- TestCases.Guru_HomePageTest -->
