<?xml version="1.0" encoding="UTF-8"?>
<!-- Generated by org.testng.reporters.JUnitReportReporter -->
<testsuite hostname="TirumalaDevi" failures="0" tests="3" name="api.tests.UserTests" time="3.647" errors="0" timestamp="2024-02-26T16:55:43 IST" skipped="0">
  <testcase classname="api.tests.UserTests" name="postUser" time="1.230"/>
  <system-out/>
  <testcase classname="api.tests.UserTests" name="getUserbyName" time="1.233"/>
  <system-out/>
  <testcase classname="api.tests.UserTests" name="update" time="1.184"/>
  <system-out/>
</testsuite> <!-- api.tests.UserTests -->
