<?xml version="1.0" encoding="UTF-8"?>
<!-- Generated by org.testng.reporters.JUnitReportReporter -->
<testsuite hostname="TirumalaDevi" failures="0" tests="6" name="api.tests.DDTests" time="9.927" errors="0" timestamp="2024-02-26T16:55:43 IST" skipped="0">
  <testcase classname="api.tests.DDTests" name="testPostUser" time="1.172"/>
  <system-out/>
  <testcase classname="api.tests.DDTests" name="testPostUser" time="1.148"/>
  <system-out/>
  <testcase classname="api.tests.DDTests" name="testPostUser" time="4.082"/>
  <system-out/>
  <testcase classname="api.tests.DDTests" name="deleteUserbyUserName" time="1.128"/>
  <system-out/>
  <testcase classname="api.tests.DDTests" name="deleteUserbyUserName" time="1.228"/>
  <system-out/>
  <testcase classname="api.tests.DDTests" name="deleteUserbyUserName" time="1.169"/>
  <system-out/>
</testsuite> <!-- api.tests.DDTests -->
