<?xml version="1.0" encoding="UTF-8"?>
<!-- Generated by org.testng.reporters.JUnitReportReporter -->
<testsuite hostname="TirumalaDevi" failures="0" tests="1" name="Tests.OrangeHRM" time="8.717" errors="0" timestamp="2023-07-06T19:58:59 IST" skipped="0">
  <testcase classname="Tests.OrangeHRM" name="loginTest" time="8.717"/>
  <system-out/>
</testsuite> <!-- Tests.OrangeHRM -->
