<?xml version="1.0" encoding="UTF-8"?>
<!-- Generated by org.testng.reporters.JUnitReportReporter -->
<testsuite hostname="TirumalaDevi" failures="0" tests="2" name="testRunner.Runner" time="18.566" errors="0" timestamp="2023-08-11T14:52:08 IST" skipped="0">
  <testcase classname="testRunner.Runner" name="runScenario" time="10.824"/>
  <system-out/>
  <testcase classname="testRunner.Runner" name="runScenario" time="7.742"/>
  <system-out/>
</testsuite> <!-- testRunner.Runner -->
