<?xml version="1.0" encoding="UTF-8"?>
<!-- Generated by org.testng.reporters.JUnitReportReporter -->
<testsuite hostname="TirumalaDevi" failures="0" tests="2" name="com.test.TestNGbasics" time="0.016" errors="0" timestamp="2023-04-05T14:33:33 IST" skipped="0">
  <testcase classname="com.test.TestNGbasics" name="SearchTest" time="0.009"/>
  <system-out/>
  <testcase classname="com.test.TestNGbasics" name="GoogleTitleTest" time="0.007"/>
  <system-out/>
</testsuite> <!-- com.test.TestNGbasics -->
