<?xml version="1.0" encoding="UTF-8"?>
<!-- Generated by org.testng.reporters.JUnitReportReporter -->
<testsuite hostname="TirumalaDevi" failures="0" tests="4" name="ParallelTest.TestClass1" time="0.067" errors="0" timestamp="2023-08-07T11:40:56 IST" skipped="0">
  <testcase classname="ParallelTest.TestClass1" name="testMethod2" time="0.026"/>
  <system-out/>
  <testcase classname="ParallelTest.TestClass1" name="testMethod4" time="0.017"/>
  <system-out/>
  <testcase classname="ParallelTest.TestClass1" name="testMethod1" time="0.022"/>
  <system-out/>
  <testcase classname="ParallelTest.TestClass1" name="testMethod3" time="0.002"/>
  <system-out/>
</testsuite> <!-- ParallelTest.TestClass1 -->
