<?xml version="1.0" encoding="UTF-8"?>
<!-- Generated by org.testng.reporters.JUnitReportReporter -->
<testsuite hostname="DESKTOP-IG45S0Q" failures="0" tests="1" name="com.test.GoogleTitleTest" time="2.000" errors="0" timestamp="2022-03-22T12:39:44 IST" skipped="0">
  <testcase classname="com.test.GoogleTitleTest" name="GoogleTitleTest" time="2.000"/>
  <system-out/>
</testsuite> <!-- com.test.GoogleTitleTest -->
