<?xml version="1.0" encoding="UTF-8"?>
<!-- Generated by org.testng.reporters.JUnitReportReporter -->
<testsuite hostname="DESKTOP-IG45S0Q" failures="0" tests="4" name="TestNGGroups.groups" time="0.018" errors="0" timestamp="2022-04-07T12:24:22 IST" skipped="0">
  <testcase classname="TestNGGroups.groups" name="Test2" time="0.004"/>
  <system-out/>
  <testcase classname="TestNGGroups.groups" name="Test4" time="0.002"/>
  <system-out/>
  <testcase classname="TestNGGroups.groups" name="Test3" time="0.001"/>
  <system-out/>
  <testcase classname="TestNGGroups.groups" name="Test1" time="0.011"/>
  <system-out/>
</testsuite> <!-- TestNGGroups.groups -->
