<?xml version="1.0" encoding="UTF-8"?>
<!-- Generated by org.testng.reporters.JUnitReportReporter -->
<testsuite hostname="DESKTOP-IG45S0Q" failures="0" tests="1" name="com.ExtentReport.ExtentDemo" time="6.611" errors="0" timestamp="2022-05-19T20:48:26 IST" skipped="0">
  <testcase classname="com.ExtentReport.ExtentDemo" name="extentReportsDemo" time="6.611"/>
  <system-out/>
</testsuite> <!-- com.ExtentReport.ExtentDemo -->
