<?xml version="1.0" encoding="UTF-8"?>
<!-- Generated by org.testng.reporters.JUnitReportReporter -->
<testsuite hostname="DESKTOP-IG45S0Q" failures="0" tests="4" name="ParallelTest.TestClass1" time="0.024" errors="0" timestamp="2022-05-20T16:36:08 IST" skipped="0">
  <testcase classname="ParallelTest.TestClass1" name="testMethod3" time="0.003"/>
  <system-out/>
  <testcase classname="ParallelTest.TestClass1" name="testMethod2" time="0.002"/>
  <system-out/>
  <testcase classname="ParallelTest.TestClass1" name="testMethod1" time="0.015"/>
  <system-out/>
  <testcase classname="ParallelTest.TestClass1" name="testMethod4" time="0.004"/>
  <system-out/>
</testsuite> <!-- ParallelTest.TestClass1 -->
