<?xml version="1.0" encoding="UTF-8"?>
<!-- Generated by org.testng.reporters.JUnitReportReporter -->
<testsuite hostname="DESKTOP-IG45S0Q" failures="0" tests="3" name="com.DataProvider.practice_DP_Execution" time="23.746" errors="0" timestamp="2022-04-05T12:31:23 IST" skipped="0">
  <testcase classname="com.DataProvider.practice_DP_Execution" name="setData" time="10.821"/>
  <system-out/>
  <testcase classname="com.DataProvider.practice_DP_Execution" name="setData" time="6.098"/>
  <system-out/>
  <testcase classname="com.DataProvider.practice_DP_Execution" name="setData" time="6.827"/>
  <system-out/>
</testsuite> <!-- com.DataProvider.practice_DP_Execution -->
