<?xml version="1.0" encoding="UTF-8"?>
<!-- Generated by org.testng.reporters.JUnitReportReporter -->
<testsuite hostname="DESKTOP-IG45S0Q" failures="0" tests="2" name="ParallelTest.TestClass3" time="0.003" errors="0" timestamp="2022-05-20T16:36:08 IST" skipped="0">
  <testcase classname="ParallelTest.TestClass3" name="testMethod9" time="0.002"/>
  <system-out/>
  <testcase classname="ParallelTest.TestClass3" name="testMethod8" time="0.001"/>
  <system-out/>
</testsuite> <!-- ParallelTest.TestClass3 -->
