<?xml version="1.0" encoding="UTF-8"?>
<!-- Generated by org.testng.reporters.JUnitReportReporter -->
<testsuite hostname="DESKTOP-IG45S0Q" failures="0" tests="3" name="com.DataProvider.BasicTest2" time="0.009" errors="0" timestamp="2022-05-20T17:50:57 IST" skipped="0">
  <testcase classname="com.DataProvider.BasicTest2" name="TestLogin" time="0.006"/>
  <system-out/>
  <testcase classname="com.DataProvider.BasicTest2" name="TestLogin" time="0.001"/>
  <system-out/>
  <testcase classname="com.DataProvider.BasicTest2" name="TestLogin" time="0.002"/>
  <system-out/>
</testsuite> <!-- com.DataProvider.BasicTest2 -->
