<?xml version="1.0" encoding="UTF-8"?>
<!-- Generated by org.testng.reporters.JUnitReportReporter -->
<testsuite hostname="TirumalaDevi" failures="0" tests="3" name="ParallelTest.TestClass2" time="0.017" errors="0" timestamp="2023-08-07T11:40:56 IST" skipped="0">
  <testcase classname="ParallelTest.TestClass2" name="testMethod7" time="0.001"/>
  <system-out/>
  <testcase classname="ParallelTest.TestClass2" name="testMethod6" time="0.003"/>
  <system-out/>
  <testcase classname="ParallelTest.TestClass2" name="testMethod5" time="0.013"/>
  <system-out/>
</testsuite> <!-- ParallelTest.TestClass2 -->
