<?xml version="1.0" encoding="UTF-8"?>
<!-- Generated by org.testng.reporters.JUnitReportReporter -->
<testsuite hostname="TirumalaDevi" failures="0" tests="2" name="ParallelTest.TestClass3" time="0.019" errors="0" timestamp="2023-08-07T11:40:56 IST" skipped="0">
  <testcase classname="ParallelTest.TestClass3" name="testMethod8" time="0.017"/>
  <system-out/>
  <testcase classname="ParallelTest.TestClass3" name="testMethod9" time="0.002"/>
  <system-out/>
</testsuite> <!-- ParallelTest.TestClass3 -->
