<?xml version="1.0" encoding="UTF-8"?>
<!-- Generated by org.testng.reporters.JUnitReportReporter -->
<testsuite hostname="DESKTOP-IG45S0Q" failures="0" tests="3" name="CrossBrowserTesting.Test1" time="53.559" errors="0" timestamp="2022-04-06T12:56:50 IST" skipped="0">
  <testcase classname="CrossBrowserTesting.Test1" name="Login" time="16.905"/>
  <system-out/>
  <testcase classname="CrossBrowserTesting.Test1" name="Login" time="15.107"/>
  <system-out/>
  <testcase classname="CrossBrowserTesting.Test1" name="Login" time="21.547"/>
  <system-out/>
</testsuite> <!-- CrossBrowserTesting.Test1 -->
