<?xml version="1.0" encoding="UTF-8"?>
<!-- Generated by org.testng.reporters.JUnitReportReporter -->
<testsuite hostname="DESKTOP-IG45S0Q" failures="0" tests="3" name="ParallelTest.TestClass2" time="0.022" errors="0" timestamp="2022-05-20T16:36:08 IST" skipped="0">
  <testcase classname="ParallelTest.TestClass2" name="testMethod6" time="0.004"/>
  <system-out/>
  <testcase classname="ParallelTest.TestClass2" name="testMethod5" time="0.015"/>
  <system-out/>
  <testcase classname="ParallelTest.TestClass2" name="testMethod7" time="0.003"/>
  <system-out/>
</testsuite> <!-- ParallelTest.TestClass2 -->
