<?xml version="1.0" encoding="UTF-8"?>
<!-- Generated by org.testng.reporters.JUnitReportReporter -->
<testsuite hostname="DESKTOP-IG45S0Q" failures="0" tests="4" name="com.DataProvider.BasicTest3indices" time="0.019" errors="0" timestamp="2022-05-20T17:52:37 IST" skipped="0">
  <testcase classname="com.DataProvider.BasicTest3indices" name="TestLogin" time="0.005"/>
  <system-out/>
  <testcase classname="com.DataProvider.BasicTest3indices" name="TestLogin" time="0.003"/>
  <system-out/>
  <testcase classname="com.DataProvider.BasicTest3indices" name="TestLogin" time="0.006"/>
  <system-out/>
  <testcase classname="com.DataProvider.BasicTest3indices" name="TestLogin" time="0.005"/>
  <system-out/>
</testsuite> <!-- com.DataProvider.BasicTest3indices -->
