<?xml version="1.0" encoding="UTF-8"?>
<!-- Generated by org.testng.reporters.JUnitReportReporter -->
<testsuite hostname="DESKTOP-IG45S0Q" failures="0" tests="2" name="com.test.TestNGbasics" time="0.018" errors="0" timestamp="2022-03-22T10:43:21 IST" skipped="0">
  <testcase classname="com.test.TestNGbasics" name="GoogleTitleTest" time="0.008"/>
  <system-out/>
  <testcase classname="com.test.TestNGbasics" name="SearchTest" time="0.010"/>
  <system-out/>
</testsuite> <!-- com.test.TestNGbasics -->
