<?xml version="1.0" encoding="UTF-8"?>
<!-- Generated by org.testng.reporters.JUnitReportReporter -->
<testsuite hostname="DESKTOP-IG45S0Q" failures="0" tests="2" name="LoginTest" time="8.108" errors="0" timestamp="2022-04-25T12:00:18 IST" skipped="0">
  <testcase classname="LoginTest" name="GoogleLogoTest" time="5.560"/>
  <system-out/>
  <testcase classname="LoginTest" name="GoogleLinkTest" time="2.548"/>
  <system-out/>
</testsuite> <!-- LoginTest -->
