<?xml version="1.0" encoding="UTF-8"?>
<!-- Generated by org.testng.reporters.JUnitReportReporter -->
<testsuite hostname="DESKTOP-IG45S0Q" failures="0" tests="1" name="com.inetbanking.testCases.TC_LoginTest" time="3.173" errors="0" timestamp="2022-11-30T16:35:48 IST" skipped="0">
  <testcase classname="com.inetbanking.testCases.TC_LoginTest" name="LoginTest" time="3.173"/>
  <system-out/>
</testsuite> <!-- com.inetbanking.testCases.TC_LoginTest -->
