<?xml version="1.0" encoding="UTF-8"?>
<!-- Generated by org.testng.reporters.JUnitReportReporter -->
<testsuite hostname="TirumalaDevi" failures="0" tests="3" name="DDT.Get_PetbyStatus" time="5.757" errors="0" timestamp="2023-05-22T11:32:37 IST" skipped="0">
  <testcase classname="DDT.Get_PetbyStatus" name="test" time="3.173"/>
  <system-out/>
  <testcase classname="DDT.Get_PetbyStatus" name="test" time="1.438"/>
  <system-out/>
  <testcase classname="DDT.Get_PetbyStatus" name="test" time="1.146"/>
  <system-out/>
</testsuite> <!-- DDT.Get_PetbyStatus -->
