<?xml version="1.0" encoding="UTF-8"?>
<!-- Generated by org.testng.reporters.JUnitReportReporter -->
<testsuite hostname="TirumalaDevi" failures="0" tests="1" name="DDT.DDT_Excel" time="1.330" errors="0" timestamp="2023-05-19T16:12:26 IST" skipped="0">
  <testcase classname="DDT.DDT_Excel" name="petStatus" time="1.330"/>
  <system-out/>
</testsuite> <!-- DDT.DDT_Excel -->
