<?xml version="1.0" encoding="UTF-8"?>
<!-- Generated by org.testng.reporters.JUnitReportReporter -->
<testsuite hostname="TirumalaDevi" failures="0" tests="1" name="bookingAPI.JSONtoMAP" time="3.532" errors="0" timestamp="2023-05-24T17:44:33 IST" skipped="0">
  <testcase classname="bookingAPI.JSONtoMAP" name="m2" time="3.532"/>
  <system-out/>
</testsuite> <!-- bookingAPI.JSONtoMAP -->
