<?xml version="1.0" encoding="UTF-8"?>
<!-- Generated by org.testng.reporters.JUnitReportReporter -->
<testsuite hostname="TirumalaDevi" failures="0" tests="3" name="RestAssure_DEMO.PUT_PATCH_DELETE" time="5.716" errors="0" timestamp="2023-03-02T22:28:50 IST" skipped="0">
  <testcase classname="RestAssure_DEMO.PUT_PATCH_DELETE" name="test2_PATCH" time="0.693"/>
  <system-out/>
  <testcase classname="RestAssure_DEMO.PUT_PATCH_DELETE" name="test3_DELETE" time="0.833"/>
  <system-out/>
  <testcase classname="RestAssure_DEMO.PUT_PATCH_DELETE" name="test1_PUT" time="4.190"/>
  <system-out/>
</testsuite> <!-- RestAssure_DEMO.PUT_PATCH_DELETE -->
