<?xml version="1.0" encoding="UTF-8"?>
<!-- Generated by org.testng.reporters.JUnitReportReporter -->
<testsuite hostname="TirumalaDevi" failures="0" tests="2" name="RestAssure_DEMO.Test01_GET" time="3.417" errors="0" timestamp="2023-03-02T16:15:52 IST" skipped="0">
  <testcase classname="RestAssure_DEMO.Test01_GET" name="test_02" time="1.189"/>
  <system-out/>
  <testcase classname="RestAssure_DEMO.Test01_GET" name="test_01" time="2.228"/>
  <system-out/>
</testsuite> <!-- RestAssure_DEMO.Test01_GET -->
