<?xml version="1.0" encoding="UTF-8"?>
<!-- Generated by org.testng.reporters.JUnitReportReporter -->
<testsuite hostname="TirumalaDevi" failures="0" tests="1" name="RestAssure_DEMO.GET" time="4.396" errors="0" timestamp="2023-03-02T16:22:06 IST" skipped="0">
  <testcase classname="RestAssure_DEMO.GET" name="test1" time="4.396"/>
  <system-out/>
</testsuite> <!-- RestAssure_DEMO.GET -->
