<?xml version="1.0" encoding="UTF-8"?>
<!-- Generated by org.testng.reporters.JUnitReportReporter -->
<testsuite hostname="TirumalaDevi" failures="0" tests="3" name="api.tests.UserTests" time="7.194" errors="0" timestamp="2024-02-21T14:26:12 IST" skipped="0">
  <testcase classname="api.tests.UserTests" name="postUser" time="4.705"/>
  <testcase classname="api.tests.UserTests" name="getUserbyName" time="1.303"/>
  <testcase classname="api.tests.UserTests" name="update" time="1.186"/>
</testsuite> <!-- api.tests.UserTests -->
