<?xml version="1.0" encoding="UTF-8"?>
<!-- Generated by org.testng.reporters.JUnitReportReporter -->
<testsuite hostname="TirumalaDevi" failures="0" tests="1" name="RestAssure_DEMO.POST" time="4.160" errors="0" timestamp="2023-03-02T22:02:13 IST" skipped="0">
  <testcase classname="RestAssure_DEMO.POST" name="test1" time="4.160"/>
  <system-out/>
</testsuite> <!-- RestAssure_DEMO.POST -->
