<?xml version="1.0" encoding="UTF-8"?>
<!-- Generated by org.testng.reporters.JUnitReportReporter -->
<testsuite hostname="DESKTOP-IG45S0Q" failures="0" tests="1" name="NewTest" time="2.828" errors="0" timestamp="2022-05-30T16:55:34 IST" skipped="0">
  <testcase classname="NewTest" name="f" time="2.828"/>
  <system-out/>
</testsuite> <!-- NewTest -->
