<?xml version="1.0" encoding="UTF-8"?>
<!-- Generated by org.testng.reporters.JUnitReportReporter -->
<testsuite hostname="DESKTOP-IG45S0Q" failures="0" tests="1" name="demo.test2" time="12.379" errors="0" timestamp="2022-05-30T22:11:31 IST" skipped="0">
  <testcase classname="demo.test2" name="f" time="12.379"/>
  <system-out/>
</testsuite> <!-- demo.test2 -->
