<?xml version="1.0" encoding="UTF-8"?>
<!-- Generated by org.testng.reporters.JUnitReportReporter -->
<testsuite hostname="DESKTOP-IG45S0Q" failures="0" tests="1" name="demo.ParaBank_Login" time="11.470" errors="0" timestamp="2022-05-30T22:56:45 IST" skipped="0">
  <testcase classname="demo.ParaBank_Login" name="Login" time="11.470"/>
  <system-out/>
</testsuite> <!-- demo.ParaBank_Login -->
