<?xml version="1.0" encoding="UTF-8"?>
<!-- Generated by org.testng.reporters.JUnitReportReporter -->
<testsuite hostname="DESKTOP-IG45S0Q" failures="0" tests="1" name="demo.NewTest" time="2.825" errors="0" timestamp="2022-05-30T17:16:54 IST" skipped="0">
  <testcase classname="demo.NewTest" name="f" time="2.825"/>
  <system-out/>
</testsuite> <!-- demo.NewTest -->
