<?xml version="1.0" encoding="UTF-8"?>
<!-- Generated by org.testng.reporters.JUnitReportReporter -->
<testsuite hostname="DESKTOP-IG45S0Q" failures="0" tests="2" name="TestCases.BillPayTest" time="27.696" errors="0" timestamp="2022-06-09T17:54:44 IST" skipped="0">
  <testcase classname="TestCases.BillPayTest" name="pay" time="15.982"/>
  <system-out/>
  <testcase classname="TestCases.BillPayTest" name="ClickonSendPayment" time="11.714"/>
  <system-out/>
</testsuite> <!-- TestCases.BillPayTest -->
