<?xml version="1.0" encoding="UTF-8"?>
<!-- Generated by org.testng.reporters.JUnitReportReporter -->
<testsuite hostname="DESKTOP-IG45S0Q" failures="0" tests="2" name="TestCases.RegPageTest" time="27.474" errors="0" timestamp="2022-06-09T17:54:44 IST" skipped="0">
  <testcase classname="TestCases.RegPageTest" name="RegNewUser" time="12.161"/>
  <system-out/>
  <testcase classname="TestCases.RegPageTest" name="RegNewUser" time="15.313"/>
  <system-out/>
</testsuite> <!-- TestCases.RegPageTest -->
