<?xml version="1.0" encoding="UTF-8"?>
<!-- Generated by org.testng.reporters.JUnitReportReporter -->
<testsuite hostname="DESKTOP-0RQF8FK" name="orangehrm.testcases.AdminLoginTestwithvaliddata" tests="1" failures="0" timestamp="11 Dec 2021 15:14:03 GMT" time="19.253" errors="0">
  <testcase name="checkAdminLogin" time="19.253" classname="orangehrm.testcases.AdminLoginTestwithvaliddata"/>
</testsuite> <!-- orangehrm.testcases.AdminLoginTestwithvaliddata -->
