<?xml version="1.0" encoding="UTF-8"?>
<!-- Generated by org.testng.reporters.JUnitReportReporter -->
<testsuite hostname="DESKTOP-0RQF8FK" name="orangehrm.testcases.AdminLoginTestwithinvaliddata" tests="1" failures="0" timestamp="11 Dec 2021 15:14:03 GMT" time="4.477" errors="0">
  <testcase name="checkAdminLogin" time="4.477" classname="orangehrm.testcases.AdminLoginTestwithinvaliddata"/>
</testsuite> <!-- orangehrm.testcases.AdminLoginTestwithinvaliddata -->
